# JRE version: OpenJDK Runtime Environment Temurin-21.0.8+9 (21.0.8+9) (build 21.0.8+9-LTS)
# Java VM: OpenJDK 64-Bit Server VM Temurin-21.0.8+9 (21.0.8+9-LTS, mixed mode, emulated-client, sharing, tiered, compressed oops, compressed class ptrs, g1 gc, windows-amd64)
GC Precious Log:
 CardTable entry size: 512
 Card Set container configuration: InlinePtr #cards 4 size 8 Array Of Cards #cards 16 size 48 Howl #buckets 8 coarsen threshold 3686 Howl Bitmap #cards 512 size 80 coarsen threshold 460 Card regions per heap region 1 cards per card region 4096
 CPUs: 16 total, 16 available
 Memory: 16106M
 Large Page Support: Disabled
 NUMA Support: Disabled
 Compressed Oops: Enabled (Zero based)
 Heap Region Size: 2M
 Heap Min Capacity: 8M
 Heap Initial Capacity: 252M
 Heap Max Capacity: 4028M
 Pre-touch: Disabled
 Parallel Workers: 13
 Concurrent Workers: 3
 Concurrent Refinement Workers: 13
 Periodic GC: Disabled
Heap:
 garbage-first heap   total 233472K, used 164742K [0x0000000704400000, 0x0000000800000000)
  region size 2048K, 51 young (104448K), 0 survivors (0K)
 Metaspace       used 93199K, committed 94272K, reserved 1179648K
  class space    used 13252K, committed 13760K, reserved 1048576K
GC Heap History (20 events):
Event: 1089.002 GC heap before
{Heap before GC invocations=52 (full 3):
 garbage-first heap   total 204800K, used 161732K [0x0000000704400000, 0x0000000800000000)
  region size 2048K, 53 young (108544K), 7 survivors (14336K)
 Metaspace       used 92327K, committed 93440K, reserved 1179648K
  class space    used 13171K, committed 13760K, reserved 1048576K
}
Event: 1089.004 GC heap after
{Heap after GC invocations=53 (full 3):
 garbage-first heap   total 204800K, used 60477K [0x0000000704400000, 0x0000000800000000)
  region size 2048K, 2 young (4096K), 2 survivors (4096K)
 Metaspace       used 92327K, committed 93440K, reserved 1179648K
  class space    used 13171K, committed 13760K, reserved 1048576K
}
Event: 1102.628 GC heap before
{Heap before GC invocations=54 (full 3):
 garbage-first heap   total 204800K, used 80957K [0x0000000704400000, 0x0000000800000000)
  region size 2048K, 13 young (26624K), 2 survivors (4096K)
 Metaspace       used 92338K, committed 93440K, reserved 1179648K
  class space    used 13173K, committed 13760K, reserved 1048576K
}
Event: 1102.662 GC heap after
{Heap after GC invocations=55 (full 4):
 garbage-first heap   total 204800K, used 54462K [0x0000000704400000, 0x0000000800000000)
  region size 2048K, 0 young (0K), 0 survivors (0K)
 Metaspace       used 92338K, committed 93440K, reserved 1179648K
  class space    used 13173K, committed 13760K, reserved 1048576K
}
Event: 1103.322 GC heap before
{Heap before GC invocations=55 (full 4):
 garbage-first heap   total 204800K, used 167102K [0x0000000704400000, 0x0000000800000000)
  region size 2048K, 56 young (114688K), 0 survivors (0K)
 Metaspace       used 92645K, committed 93760K, reserved 1179648K
  class space    used 13197K, committed 13760K, reserved 1048576K
}
Event: 1103.325 GC heap after
{Heap after GC invocations=56 (full 4):
 garbage-first heap   total 204800K, used 61100K [0x0000000704400000, 0x0000000800000000)
  region size 2048K, 4 young (8192K), 4 survivors (8192K)
 Metaspace       used 92645K, committed 93760K, reserved 1179648K
  class space    used 13197K, committed 13760K, reserved 1048576K
}
Event: 1103.457 GC heap before
{Heap before GC invocations=57 (full 4):
 garbage-first heap   total 204800K, used 167596K [0x0000000704400000, 0x0000000800000000)
  region size 2048K, 57 young (116736K), 4 survivors (8192K)
 Metaspace       used 92645K, committed 93760K, reserved 1179648K
  class space    used 13197K, committed 13760K, reserved 1048576K
}
Event: 1103.460 GC heap after
{Heap after GC invocations=58 (full 4):
 garbage-first heap   total 204800K, used 70918K [0x0000000704400000, 0x0000000800000000)
  region size 2048K, 8 young (16384K), 8 survivors (16384K)
 Metaspace       used 92645K, committed 93760K, reserved 1179648K
  class space    used 13197K, committed 13760K, reserved 1048576K
}
Event: 1103.531 GC heap before
{Heap before GC invocations=58 (full 4):
 garbage-first heap   total 204800K, used 165126K [0x0000000704400000, 0x0000000800000000)
  region size 2048K, 55 young (112640K), 8 survivors (16384K)
 Metaspace       used 92645K, committed 93760K, reserved 1179648K
  class space    used 13197K, committed 13760K, reserved 1048576K
}
Event: 1103.536 GC heap after
{Heap after GC invocations=59 (full 4):
 garbage-first heap   total 282624K, used 76602K [0x0000000704400000, 0x0000000800000000)
  region size 2048K, 7 young (14336K), 7 survivors (14336K)
 Metaspace       used 92645K, committed 93760K, reserved 1179648K
  class space    used 13197K, committed 13760K, reserved 1048576K
}
Event: 1152.665 GC heap before
{Heap before GC invocations=59 (full 4):
 garbage-first heap   total 282624K, used 187194K [0x0000000704400000, 0x0000000800000000)
  region size 2048K, 63 young (129024K), 7 survivors (14336K)
 Metaspace       used 92655K, committed 93760K, reserved 1179648K
  class space    used 13201K, committed 13760K, reserved 1048576K
}
Event: 1152.701 GC heap after
{Heap after GC invocations=60 (full 5):
 garbage-first heap   total 233472K, used 59433K [0x0000000704400000, 0x0000000800000000)
  region size 2048K, 0 young (0K), 0 survivors (0K)
 Metaspace       used 92655K, committed 93760K, reserved 1179648K
  class space    used 13201K, committed 13760K, reserved 1048576K
}
Event: 1153.404 GC heap before
{Heap before GC invocations=60 (full 5):
 garbage-first heap   total 233472K, used 182313K [0x0000000704400000, 0x0000000800000000)
  region size 2048K, 61 young (124928K), 0 survivors (0K)
 Metaspace       used 92971K, committed 94080K, reserved 1179648K
  class space    used 13227K, committed 13760K, reserved 1048576K
}
Event: 1153.407 GC heap after
{Heap after GC invocations=61 (full 5):
 garbage-first heap   total 233472K, used 66998K [0x0000000704400000, 0x0000000800000000)
  region size 2048K, 4 young (8192K), 4 survivors (8192K)
 Metaspace       used 92971K, committed 94080K, reserved 1179648K
  class space    used 13227K, committed 13760K, reserved 1048576K
}
Event: 1153.502 GC heap before
{Heap before GC invocations=61 (full 5):
 garbage-first heap   total 233472K, used 187830K [0x0000000704400000, 0x0000000800000000)
  region size 2048K, 64 young (131072K), 4 survivors (8192K)
 Metaspace       used 92971K, committed 94080K, reserved 1179648K
  class space    used 13227K, committed 13760K, reserved 1048576K
}
Event: 1153.507 GC heap after
{Heap after GC invocations=62 (full 5):
 garbage-first heap   total 233472K, used 78414K [0x0000000704400000, 0x0000000800000000)
  region size 2048K, 8 young (16384K), 8 survivors (16384K)
 Metaspace       used 92971K, committed 94080K, reserved 1179648K
  class space    used 13227K, committed 13760K, reserved 1048576K
}
Event: 1153.599 GC heap before
{Heap before GC invocations=62 (full 5):
 garbage-first heap   total 233472K, used 189006K [0x0000000704400000, 0x0000000800000000)
  region size 2048K, 63 young (129024K), 8 survivors (16384K)
 Metaspace       used 92971K, committed 94080K, reserved 1179648K
  class space    used 13227K, committed 13760K, reserved 1048576K
}
Event: 1153.604 GC heap after
{Heap after GC invocations=63 (full 5):
 garbage-first heap   total 233472K, used 92086K [0x0000000704400000, 0x0000000800000000)
  region size 2048K, 7 young (14336K), 7 survivors (14336K)
 Metaspace       used 92971K, committed 94080K, reserved 1179648K
  class space    used 13227K, committed 13760K, reserved 1048576K
}
Event: 1200.676 GC heap before
{Heap before GC invocations=64 (full 5):
 garbage-first heap   total 233472K, used 157622K [0x0000000704400000, 0x0000000800000000)
  region size 2048K, 41 young (83968K), 7 survivors (14336K)
 Metaspace       used 92989K, committed 94080K, reserved 1179648K
  class space    used 13231K, committed 13760K, reserved 1048576K
}
Event: 1200.712 GC heap after
{Heap after GC invocations=65 (full 6):
 garbage-first heap   total 233472K, used 64390K [0x0000000704400000, 0x0000000800000000)
  region size 2048K, 0 young (0K), 0 survivors (0K)
 Metaspace       used 92989K, committed 94080K, reserved 1179648K
  class space    used 13231K, committed 13760K, reserved 1048576K
}

