# JRE version: OpenJDK Runtime Environment Temurin-21.0.8+9 (21.0.8+9) (build 21.0.8+9-LTS)
# Java VM: OpenJDK 64-Bit Server VM Temurin-21.0.8+9 (21.0.8+9-LTS, mixed mode, emulated-client, sharing, tiered, compressed oops, compressed class ptrs, g1 gc, windows-amd64)
GC Precious Log:
 CardTable entry size: 512
 Card Set container configuration: InlinePtr #cards 4 size 8 Array Of Cards #cards 16 size 48 Howl #buckets 8 coarsen threshold 3686 Howl Bitmap #cards 512 size 80 coarsen threshold 460 Card regions per heap region 1 cards per card region 4096
 CPUs: 16 total, 16 available
 Memory: 16106M
 Large Page Support: Disabled
 NUMA Support: Disabled
 Compressed Oops: Enabled (Zero based)
 Heap Region Size: 2M
 Heap Min Capacity: 8M
 Heap Initial Capacity: 252M
 Heap Max Capacity: 4028M
 Pre-touch: Disabled
 Parallel Workers: 13
 Concurrent Workers: 3
 Concurrent Refinement Workers: 13
 Periodic GC: Disabled
Heap:
 garbage-first heap   total 212992K, used 78050K [0x0000000704400000, 0x0000000800000000)
  region size 2048K, 10 young (20480K), 2 survivors (4096K)
 Metaspace       used 89994K, committed 91008K, reserved 1179648K
  class space    used 12803K, committed 13248K, reserved 1048576K
GC Heap History (20 events):
Event: 1151.844 GC heap before
{Heap before GC invocations=52 (full 2):
 garbage-first heap   total 176128K, used 97061K [0x0000000704400000, 0x0000000800000000)
  region size 2048K, 9 young (18432K), 2 survivors (4096K)
 Metaspace       used 89336K, committed 90496K, reserved 1179648K
  class space    used 12737K, committed 13248K, reserved 1048576K
}
Event: 1151.879 GC heap after
{Heap after GC invocations=53 (full 3):
 garbage-first heap   total 176128K, used 48608K [0x0000000704400000, 0x0000000800000000)
  region size 2048K, 0 young (0K), 0 survivors (0K)
 Metaspace       used 89336K, committed 90496K, reserved 1179648K
  class space    used 12737K, committed 13248K, reserved 1048576K
}
Event: 1152.390 GC heap before
{Heap before GC invocations=53 (full 3):
 garbage-first heap   total 176128K, used 136672K [0x0000000704400000, 0x0000000800000000)
  region size 2048K, 44 young (90112K), 0 survivors (0K)
 Metaspace       used 89437K, committed 90560K, reserved 1179648K
  class space    used 12750K, committed 13248K, reserved 1048576K
}
Event: 1152.393 GC heap after
{Heap after GC invocations=54 (full 3):
 garbage-first heap   total 176128K, used 55136K [0x0000000704400000, 0x0000000800000000)
  region size 2048K, 4 young (8192K), 4 survivors (8192K)
 Metaspace       used 89437K, committed 90560K, reserved 1179648K
  class space    used 12750K, committed 13248K, reserved 1048576K
}
Event: 1152.652 GC heap before
{Heap before GC invocations=54 (full 3):
 garbage-first heap   total 176128K, used 137056K [0x0000000704400000, 0x0000000800000000)
  region size 2048K, 45 young (92160K), 4 survivors (8192K)
 Metaspace       used 89639K, committed 90688K, reserved 1179648K
  class space    used 12762K, committed 13248K, reserved 1048576K
}
Event: 1152.657 GC heap after
{Heap after GC invocations=55 (full 3):
 garbage-first heap   total 176128K, used 66699K [0x0000000704400000, 0x0000000800000000)
  region size 2048K, 6 young (12288K), 6 survivors (12288K)
 Metaspace       used 89639K, committed 90688K, reserved 1179648K
  class space    used 12762K, committed 13248K, reserved 1048576K
}
Event: 1152.719 GC heap before
{Heap before GC invocations=55 (full 3):
 garbage-first heap   total 176128K, used 136331K [0x0000000704400000, 0x0000000800000000)
  region size 2048K, 41 young (83968K), 6 survivors (12288K)
 Metaspace       used 89639K, committed 90688K, reserved 1179648K
  class space    used 12762K, committed 13248K, reserved 1048576K
}
Event: 1152.727 GC heap after
{Heap after GC invocations=56 (full 3):
 garbage-first heap   total 360448K, used 86496K [0x0000000704400000, 0x0000000800000000)
  region size 2048K, 6 young (12288K), 6 survivors (12288K)
 Metaspace       used 89639K, committed 90688K, reserved 1179648K
  class space    used 12762K, committed 13248K, reserved 1048576K
}
Event: 1153.038 GC heap before
{Heap before GC invocations=57 (full 3):
 garbage-first heap   total 321536K, used 264672K [0x0000000704400000, 0x0000000800000000)
  region size 2048K, 94 young (192512K), 6 survivors (12288K)
 Metaspace       used 89645K, committed 90688K, reserved 1179648K
  class space    used 12764K, committed 13248K, reserved 1048576K
}
Event: 1153.042 GC heap after
{Heap after GC invocations=58 (full 3):
 garbage-first heap   total 321536K, used 92117K [0x0000000704400000, 0x0000000800000000)
  region size 2048K, 9 young (18432K), 9 survivors (18432K)
 Metaspace       used 89645K, committed 90688K, reserved 1179648K
  class space    used 12764K, committed 13248K, reserved 1048576K
}
Event: 1155.438 GC heap before
{Heap before GC invocations=58 (full 3):
 garbage-first heap   total 321536K, used 106453K [0x0000000704400000, 0x0000000800000000)
  region size 2048K, 17 young (34816K), 9 survivors (18432K)
 Metaspace       used 89663K, committed 90688K, reserved 1179648K
  class space    used 12766K, committed 13248K, reserved 1048576K
}
Event: 1155.471 GC heap after
{Heap after GC invocations=59 (full 4):
 garbage-first heap   total 212992K, used 53597K [0x0000000704400000, 0x0000000800000000)
  region size 2048K, 0 young (0K), 0 survivors (0K)
 Metaspace       used 89663K, committed 90688K, reserved 1179648K
  class space    used 12766K, committed 13248K, reserved 1048576K
}
Event: 1156.131 GC heap before
{Heap before GC invocations=59 (full 4):
 garbage-first heap   total 212992K, used 164189K [0x0000000704400000, 0x0000000800000000)
  region size 2048K, 55 young (112640K), 0 survivors (0K)
 Metaspace       used 89959K, committed 91008K, reserved 1179648K
  class space    used 12791K, committed 13248K, reserved 1048576K
}
Event: 1156.135 GC heap after
{Heap after GC invocations=60 (full 4):
 garbage-first heap   total 212992K, used 62025K [0x0000000704400000, 0x0000000800000000)
  region size 2048K, 5 young (10240K), 5 survivors (10240K)
 Metaspace       used 89959K, committed 91008K, reserved 1179648K
  class space    used 12791K, committed 13248K, reserved 1048576K
}
Event: 1156.293 GC heap before
{Heap before GC invocations=61 (full 4):
 garbage-first heap   total 212992K, used 166473K [0x0000000704400000, 0x0000000800000000)
  region size 2048K, 57 young (116736K), 5 survivors (10240K)
 Metaspace       used 89968K, committed 91008K, reserved 1179648K
  class space    used 12792K, committed 13248K, reserved 1048576K
}
Event: 1156.297 GC heap after
{Heap after GC invocations=62 (full 4):
 garbage-first heap   total 212992K, used 68373K [0x0000000704400000, 0x0000000800000000)
  region size 2048K, 8 young (16384K), 8 survivors (16384K)
 Metaspace       used 89968K, committed 91008K, reserved 1179648K
  class space    used 12792K, committed 13248K, reserved 1048576K
}
Event: 1156.371 GC heap before
{Heap before GC invocations=62 (full 4):
 garbage-first heap   total 212992K, used 168725K [0x0000000704400000, 0x0000000800000000)
  region size 2048K, 58 young (118784K), 8 survivors (16384K)
 Metaspace       used 89968K, committed 91008K, reserved 1179648K
  class space    used 12792K, committed 13248K, reserved 1048576K
}
Event: 1156.375 GC heap after
{Heap after GC invocations=63 (full 4):
 garbage-first heap   total 212992K, used 73811K [0x0000000704400000, 0x0000000800000000)
  region size 2048K, 7 young (14336K), 7 survivors (14336K)
 Metaspace       used 89968K, committed 91008K, reserved 1179648K
  class space    used 12792K, committed 13248K, reserved 1048576K
}
Event: 1156.575 GC heap before
{Heap before GC invocations=63 (full 4):
 garbage-first heap   total 212992K, used 170067K [0x0000000704400000, 0x0000000800000000)
  region size 2048K, 55 young (112640K), 7 survivors (14336K)
 Metaspace       used 89970K, committed 91008K, reserved 1179648K
  class space    used 12792K, committed 13248K, reserved 1048576K
}
Event: 1156.577 GC heap after
{Heap after GC invocations=64 (full 4):
 garbage-first heap   total 212992K, used 63714K [0x0000000704400000, 0x0000000800000000)
  region size 2048K, 2 young (4096K), 2 survivors (4096K)
 Metaspace       used 89970K, committed 91008K, reserved 1179648K
  class space    used 12792K, committed 13248K, reserved 1048576K
}

